cuda
in_size: 4
out_size: 2
in_size: 4
out_size: 2
train episode: 10 T: 10.8 R: 10.8 statistics: [('n_updates', 0)]
train episode: 20 T: 10.85 R: 10.85 statistics: [('n_updates', 0)]
train episode: 30 T: 10.8 R: 10.8 statistics: [('n_updates', 0)]
train episode: 40 T: 11.0 R: 11.0 statistics: [('n_updates', 0)]
train episode: 50 T: 10.92 R: 10.92 statistics: [('n_updates', 49)]
train episode: 60 T: 11.616666666666667 R: 11.616666666666667 statistics: [('n_updates', 210)]
train episode: 70 T: 11.614285714285714 R: 11.614285714285714 statistics: [('n_updates', 336)]
train episode: 80 T: 12.2875 R: 12.2875 statistics: [('n_updates', 516)]
train episode: 90 T: 14.688888888888888 R: 14.688888888888888 statistics: [('n_updates', 865)]
train episode: 100 T: 26.44 R: 26.44 statistics: [('n_updates', 2197)]
train episode: 110 T: 36.43636363636364 R: 36.43636363636364 statistics: [('n_updates', 3571)]
train episode: 120 T: 36.9 R: 36.9 statistics: [('n_updates', 4001)]
train episode: 130 T: 39.92307692307692 R: 39.92307692307692 statistics: [('n_updates', 4773)]
train episode: 140 T: 41.01428571428571 R: 41.01428571428571 statistics: [('n_updates', 5335)]
train episode: 150 T: 44.22 R: 44.22 statistics: [('n_updates', 6236)]
train episode: 160 T: 46.1 R: 46.1 statistics: [('n_updates', 6989)]
train episode: 170 T: 47.05882352941177 R: 47.05882352941177 statistics: [('n_updates', 7623)]
train episode: 180 T: 47.42777777777778 R: 47.42777777777778 statistics: [('n_updates', 8170)]
train episode: 190 T: 47.86842105263158 R: 47.86842105263158 statistics: [('n_updates', 8738)]
train episode: 200 T: 48.05 R: 48.05 statistics: [('n_updates', 9263)]
train episode: 210 T: 47.51904761904762 R: 47.51904761904762 statistics: [('n_updates', 9642)]
train episode: 220 T: 47.63181818181818 R: 47.63181818181818 statistics: [('n_updates', 10152)]
train episode: 230 T: 48.43478260869565 R: 48.43478260869565 statistics: [('n_updates', 10823)]
train episode: 240 T: 50.7875 R: 50.7875 statistics: [('n_updates', 11882)]
train episode: 250 T: 52.004 R: 52.004 statistics: [('n_updates', 12704)]
train episode: 260 T: 52.55769230769231 R: 52.55769230769231 statistics: [('n_updates', 13378)]
train episode: 270 T: 52.34444444444444 R: 52.34444444444444 statistics: [('n_updates', 13856)]
train episode: 280 T: 53.510714285714286 R: 53.510714285714286 statistics: [('n_updates', 14716)]
train episode: 290 T: 53.213793103448275 R: 53.213793103448275 statistics: [('n_updates', 15175)]
train episode: 300 T: 52.67333333333333 R: 52.67333333333333 statistics: [('n_updates', 15555)]
train finished.
test episode: 10 T: 55.8 R: 55.8 statistics: [('n_updates', 15555)]
test episode: 20 T: 53.75 R: 53.75 statistics: [('n_updates', 15555)]
test episode: 30 T: 52.43333333333333 R: 52.43333333333333 statistics: [('n_updates', 15555)]
test episode: 40 T: 53.125 R: 53.125 statistics: [('n_updates', 15555)]
test episode: 50 T: 52.78 R: 52.78 statistics: [('n_updates', 15555)]
test episode: 60 T: 53.11666666666667 R: 53.11666666666667 statistics: [('n_updates', 15555)]
test episode: 70 T: 52.98571428571429 R: 52.98571428571429 statistics: [('n_updates', 15555)]
test episode: 80 T: 53.3625 R: 53.3625 statistics: [('n_updates', 15555)]
test episode: 90 T: 53.41111111111111 R: 53.41111111111111 statistics: [('n_updates', 15555)]
test episode: 100 T: 53.63 R: 53.63 statistics: [('n_updates', 15555)]
test finished.
