cuda
in_size: 4
out_size: 2
in_size: 4
out_size: 2
train episode: 10 T: 10.9 R: 10.9 statistics: [('n_updates', 0)]
train episode: 20 T: 11.4 R: 11.4 statistics: [('n_updates', 0)]
train episode: 30 T: 11.9 R: 11.9 statistics: [('n_updates', 0)]
train episode: 40 T: 11.525 R: 11.525 statistics: [('n_updates', 0)]
train episode: 50 T: 11.7 R: 11.7 statistics: [('n_updates', 90)]
train episode: 60 T: 12.116666666666667 R: 12.116666666666667 statistics: [('n_updates', 242)]
train episode: 70 T: 13.157142857142857 R: 13.157142857142857 statistics: [('n_updates', 446)]
train episode: 80 T: 13.3 R: 13.3 statistics: [('n_updates', 599)]
train episode: 90 T: 13.144444444444444 R: 13.144444444444444 statistics: [('n_updates', 728)]
train episode: 100 T: 13.09 R: 13.09 statistics: [('n_updates', 864)]
train episode: 110 T: 13.781818181818181 R: 13.781818181818181 statistics: [('n_updates', 1081)]
train episode: 120 T: 23.125 R: 23.125 statistics: [('n_updates', 2350)]
train episode: 130 T: 28.607692307692307 R: 28.607692307692307 statistics: [('n_updates', 3304)]
train episode: 140 T: 30.3 R: 30.3 statistics: [('n_updates', 3837)]
train episode: 150 T: 30.906666666666666 R: 30.906666666666666 statistics: [('n_updates', 4241)]
train episode: 160 T: 31.7625 R: 31.7625 statistics: [('n_updates', 4697)]
train episode: 170 T: 32.417647058823526 R: 32.417647058823526 statistics: [('n_updates', 5136)]
train episode: 180 T: 33.52777777777778 R: 33.52777777777778 statistics: [('n_updates', 5670)]
train episode: 190 T: 35.92631578947368 R: 35.92631578947368 statistics: [('n_updates', 6471)]
train episode: 200 T: 36.96 R: 36.96 statistics: [('n_updates', 7047)]
train episode: 210 T: 37.08095238095238 R: 37.08095238095238 statistics: [('n_updates', 7452)]
train episode: 220 T: 37.06363636363636 R: 37.06363636363636 statistics: [('n_updates', 7829)]
train episode: 230 T: 37.12608695652174 R: 37.12608695652174 statistics: [('n_updates', 8224)]
train episode: 240 T: 38.5125 R: 38.5125 statistics: [('n_updates', 8938)]
train episode: 250 T: 39.464 R: 39.464 statistics: [('n_updates', 9571)]
train episode: 260 T: 40.16153846153846 R: 40.16153846153846 statistics: [('n_updates', 10157)]
train episode: 270 T: 41.46666666666667 R: 41.46666666666667 statistics: [('n_updates', 10921)]
train episode: 280 T: 42.410714285714285 R: 42.410714285714285 statistics: [('n_updates', 11610)]
train episode: 290 T: 42.65862068965517 R: 42.65862068965517 statistics: [('n_updates', 12116)]
train episode: 300 T: 43.15 R: 43.15 statistics: [('n_updates', 12700)]
train finished.
test episode: 10 T: 107.9 R: 107.9 statistics: [('n_updates', 12700)]
test episode: 20 T: 107.65 R: 107.65 statistics: [('n_updates', 12700)]
test episode: 30 T: 108.5 R: 108.5 statistics: [('n_updates', 12700)]
test episode: 40 T: 108.325 R: 108.325 statistics: [('n_updates', 12700)]
test episode: 50 T: 108.26 R: 108.26 statistics: [('n_updates', 12700)]
test episode: 60 T: 108.3 R: 108.3 statistics: [('n_updates', 12700)]
test episode: 70 T: 108.18571428571428 R: 108.18571428571428 statistics: [('n_updates', 12700)]
test episode: 80 T: 107.9375 R: 107.9375 statistics: [('n_updates', 12700)]
test episode: 90 T: 108.04444444444445 R: 108.04444444444445 statistics: [('n_updates', 12700)]
test episode: 100 T: 107.98 R: 107.98 statistics: [('n_updates', 12700)]
test finished.
