cuda
in_size: 4
out_size: 2
in_size: 4
out_size: 2
train episode: 10 T: 11.6 R: 11.6 statistics: [('n_updates', 0)]
train episode: 20 T: 11.35 R: 11.35 statistics: [('n_updates', 0)]
train episode: 30 T: 11.633333333333333 R: 11.633333333333333 statistics: [('n_updates', 0)]
train episode: 40 T: 11.5 R: 11.5 statistics: [('n_updates', 0)]
train episode: 50 T: 11.54 R: 11.54 statistics: [('n_updates', 82)]
train episode: 60 T: 12.333333333333334 R: 12.333333333333334 statistics: [('n_updates', 255)]
train episode: 70 T: 12.842857142857143 R: 12.842857142857143 statistics: [('n_updates', 424)]
train episode: 80 T: 13.1875 R: 13.1875 statistics: [('n_updates', 590)]
train episode: 90 T: 13.333333333333334 R: 13.333333333333334 statistics: [('n_updates', 745)]
train episode: 100 T: 14.84 R: 14.84 statistics: [('n_updates', 1039)]
train episode: 110 T: 26.181818181818183 R: 26.181818181818183 statistics: [('n_updates', 2445)]
train episode: 120 T: 32.108333333333334 R: 32.108333333333334 statistics: [('n_updates', 3428)]
train episode: 130 T: 35.16153846153846 R: 35.16153846153846 statistics: [('n_updates', 4156)]
train episode: 140 T: 37.707142857142856 R: 37.707142857142856 statistics: [('n_updates', 4874)]
train episode: 150 T: 37.086666666666666 R: 37.086666666666666 statistics: [('n_updates', 5168)]
train episode: 160 T: 37.71875 R: 37.71875 statistics: [('n_updates', 5650)]
train episode: 170 T: 39.082352941176474 R: 39.082352941176474 statistics: [('n_updates', 6269)]
train episode: 180 T: 40.333333333333336 R: 40.333333333333336 statistics: [('n_updates', 6895)]
train episode: 190 T: 39.63157894736842 R: 39.63157894736842 statistics: [('n_updates', 7175)]
train episode: 200 T: 40.325 R: 40.325 statistics: [('n_updates', 7720)]
train episode: 210 T: 39.87619047619047 R: 39.87619047619047 statistics: [('n_updates', 8039)]
train episode: 220 T: 39.32272727272727 R: 39.32272727272727 statistics: [('n_updates', 8326)]
train episode: 230 T: 40.13913043478261 R: 40.13913043478261 statistics: [('n_updates', 8917)]
train episode: 240 T: 39.766666666666666 R: 39.766666666666666 statistics: [('n_updates', 9239)]
train episode: 250 T: 39.124 R: 39.124 statistics: [('n_updates', 9486)]
train episode: 260 T: 38.68076923076923 R: 38.68076923076923 statistics: [('n_updates', 9772)]
train episode: 270 T: 38.666666666666664 R: 38.666666666666664 statistics: [('n_updates', 10165)]
train episode: 280 T: 38.832142857142856 R: 38.832142857142856 statistics: [('n_updates', 10608)]
train episode: 290 T: 39.206896551724135 R: 39.206896551724135 statistics: [('n_updates', 11115)]
train episode: 300 T: 39.43 R: 39.43 statistics: [('n_updates', 11584)]
train episode: 310 T: 40.116129032258065 R: 40.116129032258065 statistics: [('n_updates', 12201)]
train episode: 320 T: 40.696875 R: 40.696875 statistics: [('n_updates', 12798)]
train episode: 330 T: 41.027272727272724 R: 41.027272727272724 statistics: [('n_updates', 13324)]
train episode: 340 T: 40.858823529411765 R: 40.858823529411765 statistics: [('n_updates', 13687)]
train episode: 350 T: 40.511428571428574 R: 40.511428571428574 statistics: [('n_updates', 13984)]
train episode: 360 T: 41.68055555555556 R: 41.68055555555556 statistics: [('n_updates', 14820)]
train episode: 370 T: 42.34054054054054 R: 42.34054054054054 statistics: [('n_updates', 15491)]
train episode: 380 T: 42.607894736842105 R: 42.607894736842105 statistics: [('n_updates', 16026)]
train episode: 390 T: 43.174358974358974 R: 43.174358974358974 statistics: [('n_updates', 16683)]
train episode: 400 T: 42.995 R: 42.995 statistics: [('n_updates', 17053)]
train episode: 410 T: 42.75609756097561 R: 42.75609756097561 statistics: [('n_updates', 17395)]
train episode: 420 T: 42.72380952380952 R: 42.72380952380952 statistics: [('n_updates', 17819)]
train episode: 430 T: 43.43255813953488 R: 43.43255813953488 statistics: [('n_updates', 18561)]
train episode: 440 T: 43.361363636363635 R: 43.361363636363635 statistics: [('n_updates', 18974)]
train episode: 450 T: 43.73555555555556 R: 43.73555555555556 statistics: [('n_updates', 19586)]
train episode: 460 T: 43.83913043478261 R: 43.83913043478261 statistics: [('n_updates', 20081)]
train episode: 470 T: 44.03617021276596 R: 44.03617021276596 statistics: [('n_updates', 20622)]
train episode: 480 T: 43.7625 R: 43.7625 statistics: [('n_updates', 20941)]
train episode: 490 T: 43.51632653061225 R: 43.51632653061225 statistics: [('n_updates', 21268)]
train episode: 500 T: 43.41 R: 43.41 statistics: [('n_updates', 21660)]
train finished.
test episode: 10 T: 91.8 R: 91.8 statistics: [('n_updates', 21660)]
test episode: 20 T: 91.45 R: 91.45 statistics: [('n_updates', 21660)]
test episode: 30 T: 92.0 R: 92.0 statistics: [('n_updates', 21660)]
test episode: 40 T: 92.05 R: 92.05 statistics: [('n_updates', 21660)]
test episode: 50 T: 91.96 R: 91.96 statistics: [('n_updates', 21660)]
test episode: 60 T: 92.16666666666667 R: 92.16666666666667 statistics: [('n_updates', 21660)]
test episode: 70 T: 92.37142857142857 R: 92.37142857142857 statistics: [('n_updates', 21660)]
test episode: 80 T: 92.25 R: 92.25 statistics: [('n_updates', 21660)]
test episode: 90 T: 92.33333333333333 R: 92.33333333333333 statistics: [('n_updates', 21660)]
test episode: 100 T: 92.32 R: 92.32 statistics: [('n_updates', 21660)]
test finished.
