cuda
in_size: 4
out_size: 2
in_size: 4
out_size: 2
train episode: 10 T: 10.5 R: 10.5 statistics: [('n_updates', 0)]
train episode: 20 T: 10.9 R: 10.9 statistics: [('n_updates', 0)]
train episode: 30 T: 11.6 R: 11.6 statistics: [('n_updates', 0)]
train episode: 40 T: 11.65 R: 11.65 statistics: [('n_updates', 0)]
train episode: 50 T: 11.58 R: 11.58 statistics: [('n_updates', 84)]
train episode: 60 T: 12.316666666666666 R: 12.316666666666666 statistics: [('n_updates', 254)]
train episode: 70 T: 12.657142857142857 R: 12.657142857142857 statistics: [('n_updates', 411)]
train episode: 80 T: 14.45 R: 14.45 statistics: [('n_updates', 691)]
train episode: 90 T: 20.7 R: 20.7 statistics: [('n_updates', 1408)]
train episode: 100 T: 29.78 R: 29.78 statistics: [('n_updates', 2533)]
train episode: 110 T: 37.30909090909091 R: 37.30909090909091 statistics: [('n_updates', 3669)]
train episode: 120 T: 39.541666666666664 R: 39.541666666666664 statistics: [('n_updates', 4320)]
train episode: 130 T: 42.792307692307695 R: 42.792307692307695 statistics: [('n_updates', 5148)]
train episode: 140 T: 42.97857142857143 R: 42.97857142857143 statistics: [('n_updates', 5612)]
train episode: 150 T: 42.71333333333333 R: 42.71333333333333 statistics: [('n_updates', 6012)]
train episode: 160 T: 42.5 R: 42.5 statistics: [('n_updates', 6415)]
train episode: 170 T: 41.56470588235294 R: 41.56470588235294 statistics: [('n_updates', 6691)]
train episode: 180 T: 40.22222222222222 R: 40.22222222222222 statistics: [('n_updates', 6875)]
train episode: 190 T: 39.66315789473684 R: 39.66315789473684 statistics: [('n_updates', 7181)]
train episode: 200 T: 39.325 R: 39.325 statistics: [('n_updates', 7520)]
train episode: 210 T: 39.576190476190476 R: 39.576190476190476 statistics: [('n_updates', 7976)]
train episode: 220 T: 39.90909090909091 R: 39.90909090909091 statistics: [('n_updates', 8455)]
train episode: 230 T: 39.54782608695652 R: 39.54782608695652 statistics: [('n_updates', 8781)]
train episode: 240 T: 41.34166666666667 R: 41.34166666666667 statistics: [('n_updates', 9617)]
train episode: 250 T: 42.0 R: 42.0 statistics: [('n_updates', 10205)]
train episode: 260 T: 43.03846153846154 R: 43.03846153846154 statistics: [('n_updates', 10905)]
train episode: 270 T: 42.92962962962963 R: 42.92962962962963 statistics: [('n_updates', 11316)]
train episode: 280 T: 42.84642857142857 R: 42.84642857142857 statistics: [('n_updates', 11732)]
train episode: 290 T: 42.55172413793103 R: 42.55172413793103 statistics: [('n_updates', 12085)]
train episode: 300 T: 42.79333333333334 R: 42.79333333333334 statistics: [('n_updates', 12593)]
train finished.
test episode: 10 T: 113.8 R: 113.8 statistics: [('n_updates', 12593)]
test episode: 20 T: 114.4 R: 114.4 statistics: [('n_updates', 12593)]
test episode: 30 T: 113.56666666666666 R: 113.56666666666666 statistics: [('n_updates', 12593)]
test episode: 40 T: 114.125 R: 114.125 statistics: [('n_updates', 12593)]
test episode: 50 T: 114.26 R: 114.26 statistics: [('n_updates', 12593)]
test episode: 60 T: 113.95 R: 113.95 statistics: [('n_updates', 12593)]
test episode: 70 T: 114.11428571428571 R: 114.11428571428571 statistics: [('n_updates', 12593)]
test episode: 80 T: 113.525 R: 113.525 statistics: [('n_updates', 12593)]
test episode: 90 T: 113.61111111111111 R: 113.61111111111111 statistics: [('n_updates', 12593)]
test episode: 100 T: 113.45 R: 113.45 statistics: [('n_updates', 12593)]
test finished.
